<?xml version="1.0" encoding="UTF-8"?>
<!-- Generated by org.testng.reporters.JUnitReportReporter -->
<testsuite hostname="197NODMB32101.local" failures="0" tests="1" name="tests.LoginTest" time="12.311" errors="0" timestamp="2023-10-04T17:02:02 IST" skipped="0">
  <testcase classname="tests.LoginTest" name="loginOnStaging" time="12.311"/>
</testsuite> <!-- tests.LoginTest -->
